<?xml version="1.0" encoding="UTF-8"?>
<!-- Generated by org.testng.reporters.JUnitXMLReporter -->
<testsuite ignored="9" hostname="Harishyam" failures="0" tests="1" name="RestAPI : Smoke Test Cases" time="3.239" errors="0" timestamp="2024-12-12T03:01:10 IST">
  <testcase classname="restFullBooker.RestFullBookerTest" name="pingServerForHealthCheck" time="3.175"/>
  <testcase classname="restFullBooker.RestFullBookerTest" name="fetchCustomerDetailByID" time="0.0">
    <ignored/>
  </testcase> <!-- fetchCustomerDetailByID -->
  <testcase classname="restFullBooker.RestFullBookerTest" name="deletecurrentBooking" time="0.0">
    <ignored/>
  </testcase> <!-- deletecurrentBooking -->
  <testcase classname="restFullBooker.RestFullBookerTest" name="getAuthToken" time="0.0">
    <ignored/>
  </testcase> <!-- getAuthToken -->
  <testcase classname="restFullBooker.RestFullBookerTest" name="updateCurrentBookingPUT" time="0.0">
    <ignored/>
  </testcase> <!-- updateCurrentBookingPUT -->
  <testcase classname="restFullBooker.RestFullBookerTest" name="createNewBooking" time="0.0">
    <ignored/>
  </testcase> <!-- createNewBooking -->
  <testcase classname="restFullBooker.RestFullBookerTest" name="updateCurrentBookingPATCH" time="0.0">
    <ignored/>
  </testcase> <!-- updateCurrentBookingPATCH -->
  <testcase classname="restFullBooker.RestFullBookerTest" name="fetchAllBookingIDs" time="0.0">
    <ignored/>
  </testcase> <!-- fetchAllBookingIDs -->
  <testcase classname="restFullBooker.RestFullBookerTest" name="filterBookingIDsByName" time="0.0">
    <ignored/>
  </testcase> <!-- filterBookingIDsByName -->
  <testcase classname="restFullBooker.RestFullBookerTest" name="filterBookingIDsByCheckInOutDate" time="0.0">
    <ignored/>
  </testcase> <!-- filterBookingIDsByCheckInOutDate -->
</testsuite> <!-- RestAPI : Smoke Test Cases -->
