<?xml version="1.0" encoding="UTF-8"?>
<testng-results retried="2" ignored="0" total="12" passed="9" failed="1" skipped="0">
  <reporter-output>
  </reporter-output>
  <suite started-at="2024-12-12T03:01:18 IST" name="Automation Regression Suite" finished-at="2024-12-12T03:01:37 IST" duration-ms="19038">
    <groups>
      <group name="SmokeSuite">
        <method signature="RestFullBookerTest.pingServerForHealthCheck()[pri:1, instance:restFullBooker.RestFullBookerTest@537f60bf]" name="pingServerForHealthCheck" class="restFullBooker.RestFullBookerTest"/>
      </group> <!-- SmokeSuite -->
    </groups>
    <test started-at="2024-12-12T03:01:18 IST" name="RestAPI : Regression Test Cases" finished-at="2024-12-12T03:01:37 IST" duration-ms="19038">
      <class name="restFullBooker.RestFullBookerTest">
        <test-method is-config="true" signature="config(java.lang.String,java.lang.String)[pri:0, instance:restFullBooker.RestFullBookerTest@537f60bf]" started-at="2024-12-12T03:01:17 IST" name="config" finished-at="2024-12-12T03:01:18 IST" duration-ms="472" status="PASS">
          <params>
            <param index="0">
              <value>
                <![CDATA[Optional name Automation ]]>
              </value>
            </param>
            <param index="1">
              <value>
                <![CDATA[API Report]]>
              </value>
            </param>
          </params>
          <reporter-output>
          </reporter-output>
        </test-method> <!-- config -->
        <test-method is-config="true" signature="logBeforeMethod(java.lang.reflect.Method)[pri:0, instance:restFullBooker.RestFullBookerTest@537f60bf]" started-at="2024-12-12T03:01:18 IST" name="logBeforeMethod" finished-at="2024-12-12T03:01:18 IST" duration-ms="8" status="PASS">
          <params>
            <param index="0">
              <value>
                <![CDATA[public void restFullBooker.RestFullBookerTest.pingServerForHealthCheck() throws java.io.IOException,org.json.simple.parser.ParseException]]>
              </value>
            </param>
          </params>
          <reporter-output>
          </reporter-output>
        </test-method> <!-- logBeforeMethod -->
        <test-method signature="pingServerForHealthCheck()[pri:1, instance:restFullBooker.RestFullBookerTest@537f60bf]" started-at="2024-12-12T03:01:18 IST" name="pingServerForHealthCheck" description="RB_01 : Test to validate the Healthcheck point for the API." finished-at="2024-12-12T03:01:21 IST" duration-ms="3177" status="PASS">
          <reporter-output>
          </reporter-output>
        </test-method> <!-- pingServerForHealthCheck -->
        <test-method is-config="true" signature="getResult(org.testng.ITestResult)[pri:0, instance:restFullBooker.RestFullBookerTest@537f60bf]" started-at="2024-12-12T03:01:21 IST" name="getResult" finished-at="2024-12-12T03:01:21 IST" duration-ms="6" status="PASS">
          <params>
            <param index="0">
              <value>
                <![CDATA[[TestResult name=pingServerForHealthCheck status=SUCCESS method=RestFullBookerTest.pingServerForHealthCheck()[pri:1, instance:restFullBooker.RestFullBookerTest@537f60bf] output={null}]]]>
              </value>
            </param>
          </params>
          <reporter-output>
          </reporter-output>
        </test-method> <!-- getResult -->
        <test-method signature="getAuthToken()[pri:2, instance:restFullBooker.RestFullBookerTest@537f60bf]" started-at="2024-12-12T03:01:21 IST" name="getAuthToken" description="RB_02 : Test to create new auth token for booking" finished-at="2024-12-12T03:01:23 IST" duration-ms="1735" status="PASS">
          <reporter-output>
          </reporter-output>
        </test-method> <!-- getAuthToken -->
        <test-method is-config="true" signature="logBeforeMethod(java.lang.reflect.Method)[pri:0, instance:restFullBooker.RestFullBookerTest@537f60bf]" started-at="2024-12-12T03:01:21 IST" name="logBeforeMethod" finished-at="2024-12-12T03:01:21 IST" duration-ms="0" status="PASS">
          <params>
            <param index="0">
              <value>
                <![CDATA[public void restFullBooker.RestFullBookerTest.getAuthToken() throws java.io.IOException,org.json.simple.parser.ParseException]]>
              </value>
            </param>
          </params>
          <reporter-output>
          </reporter-output>
        </test-method> <!-- logBeforeMethod -->
        <test-method is-config="true" signature="getResult(org.testng.ITestResult)[pri:0, instance:restFullBooker.RestFullBookerTest@537f60bf]" started-at="2024-12-12T03:01:23 IST" name="getResult" finished-at="2024-12-12T03:01:23 IST" duration-ms="1" status="PASS">
          <params>
            <param index="0">
              <value>
                <![CDATA[[TestResult name=getAuthToken status=SUCCESS method=RestFullBookerTest.getAuthToken()[pri:2, instance:restFullBooker.RestFullBookerTest@537f60bf] output={null}]]]>
              </value>
            </param>
          </params>
          <reporter-output>
          </reporter-output>
        </test-method> <!-- getResult -->
        <test-method is-config="true" signature="logBeforeMethod(java.lang.reflect.Method)[pri:0, instance:restFullBooker.RestFullBookerTest@537f60bf]" started-at="2024-12-12T03:01:23 IST" name="logBeforeMethod" finished-at="2024-12-12T03:01:23 IST" duration-ms="0" status="PASS">
          <params>
            <param index="0">
              <value>
                <![CDATA[public void restFullBooker.RestFullBookerTest.fetchAllBookingIDs()]]>
              </value>
            </param>
          </params>
          <reporter-output>
          </reporter-output>
        </test-method> <!-- logBeforeMethod -->
        <test-method signature="fetchAllBookingIDs()[pri:3, instance:restFullBooker.RestFullBookerTest@537f60bf]" started-at="2024-12-12T03:01:23 IST" name="fetchAllBookingIDs" description="RB_03 : Test to fetch all the booking IDs" finished-at="2024-12-12T03:01:24 IST" duration-ms="1397" status="PASS">
          <reporter-output>
          </reporter-output>
        </test-method> <!-- fetchAllBookingIDs -->
        <test-method is-config="true" signature="getResult(org.testng.ITestResult)[pri:0, instance:restFullBooker.RestFullBookerTest@537f60bf]" started-at="2024-12-12T03:01:24 IST" name="getResult" finished-at="2024-12-12T03:01:24 IST" duration-ms="1" status="PASS">
          <params>
            <param index="0">
              <value>
                <![CDATA[[TestResult name=fetchAllBookingIDs status=SUCCESS method=RestFullBookerTest.fetchAllBookingIDs()[pri:3, instance:restFullBooker.RestFullBookerTest@537f60bf] output={null}]]]>
              </value>
            </param>
          </params>
          <reporter-output>
          </reporter-output>
        </test-method> <!-- getResult -->
        <test-method signature="createNewBooking()[pri:4, instance:restFullBooker.RestFullBookerTest@537f60bf]" started-at="2024-12-12T03:01:24 IST" name="createNewBooking" description="RB_07 : Test to validate to create New Booking with Content-Type : application/json" finished-at="2024-12-12T03:01:26 IST" duration-ms="1402" status="PASS">
          <reporter-output>
          </reporter-output>
        </test-method> <!-- createNewBooking -->
        <test-method is-config="true" signature="logBeforeMethod(java.lang.reflect.Method)[pri:0, instance:restFullBooker.RestFullBookerTest@537f60bf]" started-at="2024-12-12T03:01:24 IST" name="logBeforeMethod" finished-at="2024-12-12T03:01:24 IST" duration-ms="0" status="PASS">
          <params>
            <param index="0">
              <value>
                <![CDATA[public void restFullBooker.RestFullBookerTest.createNewBooking()]]>
              </value>
            </param>
          </params>
          <reporter-output>
          </reporter-output>
        </test-method> <!-- logBeforeMethod -->
        <test-method is-config="true" signature="getResult(org.testng.ITestResult)[pri:0, instance:restFullBooker.RestFullBookerTest@537f60bf]" started-at="2024-12-12T03:01:26 IST" name="getResult" finished-at="2024-12-12T03:01:26 IST" duration-ms="1" status="PASS">
          <params>
            <param index="0">
              <value>
                <![CDATA[[TestResult name=createNewBooking status=SUCCESS method=RestFullBookerTest.createNewBooking()[pri:4, instance:restFullBooker.RestFullBookerTest@537f60bf] output={null}]]]>
              </value>
            </param>
          </params>
          <reporter-output>
          </reporter-output>
        </test-method> <!-- getResult -->
        <test-method is-config="true" signature="logBeforeMethod(java.lang.reflect.Method)[pri:0, instance:restFullBooker.RestFullBookerTest@537f60bf]" started-at="2024-12-12T03:01:26 IST" name="logBeforeMethod" finished-at="2024-12-12T03:01:26 IST" duration-ms="1" status="PASS">
          <params>
            <param index="0">
              <value>
                <![CDATA[public void restFullBooker.RestFullBookerTest.fetchCustomerDetailByID()]]>
              </value>
            </param>
          </params>
          <reporter-output>
          </reporter-output>
        </test-method> <!-- logBeforeMethod -->
        <test-method signature="fetchCustomerDetailByID()[pri:5, instance:restFullBooker.RestFullBookerTest@537f60bf]" started-at="2024-12-12T03:01:26 IST" name="fetchCustomerDetailByID" description="RB_06 : Test to fetch the customer detail by booking ID" finished-at="2024-12-12T03:01:27 IST" duration-ms="1397" status="PASS">
          <reporter-output>
          </reporter-output>
        </test-method> <!-- fetchCustomerDetailByID -->
        <test-method is-config="true" signature="getResult(org.testng.ITestResult)[pri:0, instance:restFullBooker.RestFullBookerTest@537f60bf]" started-at="2024-12-12T03:01:27 IST" name="getResult" finished-at="2024-12-12T03:01:27 IST" duration-ms="1" status="PASS">
          <params>
            <param index="0">
              <value>
                <![CDATA[[TestResult name=fetchCustomerDetailByID status=SUCCESS method=RestFullBookerTest.fetchCustomerDetailByID()[pri:5, instance:restFullBooker.RestFullBookerTest@537f60bf] output={null}]]]>
              </value>
            </param>
          </params>
          <reporter-output>
          </reporter-output>
        </test-method> <!-- getResult -->
        <test-method signature="filterBookingIDsByName()[pri:6, instance:restFullBooker.RestFullBookerTest@537f60bf]" started-at="2024-12-12T03:01:27 IST" name="filterBookingIDsByName" description="RB_04 : Test to fetch all the booking IDs filtered by first &amp; last name" finished-at="2024-12-12T03:01:28 IST" duration-ms="1441" status="PASS">
          <reporter-output>
          </reporter-output>
        </test-method> <!-- filterBookingIDsByName -->
        <test-method is-config="true" signature="logBeforeMethod(java.lang.reflect.Method)[pri:0, instance:restFullBooker.RestFullBookerTest@537f60bf]" started-at="2024-12-12T03:01:27 IST" name="logBeforeMethod" finished-at="2024-12-12T03:01:27 IST" duration-ms="0" status="PASS">
          <params>
            <param index="0">
              <value>
                <![CDATA[public void restFullBooker.RestFullBookerTest.filterBookingIDsByName()]]>
              </value>
            </param>
          </params>
          <reporter-output>
          </reporter-output>
        </test-method> <!-- logBeforeMethod -->
        <test-method is-config="true" signature="getResult(org.testng.ITestResult)[pri:0, instance:restFullBooker.RestFullBookerTest@537f60bf]" started-at="2024-12-12T03:01:28 IST" name="getResult" finished-at="2024-12-12T03:01:28 IST" duration-ms="1" status="PASS">
          <params>
            <param index="0">
              <value>
                <![CDATA[[TestResult name=filterBookingIDsByName status=SUCCESS method=RestFullBookerTest.filterBookingIDsByName()[pri:6, instance:restFullBooker.RestFullBookerTest@537f60bf] output={null}]]]>
              </value>
            </param>
          </params>
          <reporter-output>
          </reporter-output>
        </test-method> <!-- getResult -->
        <test-method is-config="true" signature="logBeforeMethod(java.lang.reflect.Method)[pri:0, instance:restFullBooker.RestFullBookerTest@537f60bf]" started-at="2024-12-12T03:01:28 IST" name="logBeforeMethod" finished-at="2024-12-12T03:01:28 IST" duration-ms="2" status="PASS">
          <params>
            <param index="0">
              <value>
                <![CDATA[public void restFullBooker.RestFullBookerTest.filterBookingIDsByCheckInOutDate()]]>
              </value>
            </param>
          </params>
          <reporter-output>
          </reporter-output>
        </test-method> <!-- logBeforeMethod -->
        <test-method retried="true" signature="filterBookingIDsByCheckInOutDate()[pri:7, instance:restFullBooker.RestFullBookerTest@537f60bf]" started-at="2024-12-12T03:01:28 IST" name="filterBookingIDsByCheckInOutDate" description="RB_05 : Test to fetch all the booking IDs filtered by checkIn &amp; checkOut Dates" finished-at="2024-12-12T03:01:30 IST" duration-ms="1401" status="SKIP">
          <exception class="java.lang.AssertionError">
            <message>
              <![CDATA[The following asserts failed:
BookingIDs not found expected [true] but found [false]]]>
            </message>
            <full-stacktrace>
              <![CDATA[java.lang.AssertionError: The following asserts failed:
BookingIDs not found expected [true] but found [false]
at org.testng.asserts.SoftAssert.assertAll(SoftAssert.java:46)
at org.testng.asserts.SoftAssert.assertAll(SoftAssert.java:30)
at utils.SoftAssertionUtil.AssertAll(SoftAssertionUtil.java:53)
at restFullBooker.RestFullBookerTest.filterBookingIDsByCheckInOutDate(RestFullBookerTest.java:156)
at java.base/jdk.internal.reflect.NativeMethodAccessorImpl.invoke0(Native Method)
at java.base/jdk.internal.reflect.NativeMethodAccessorImpl.invoke(NativeMethodAccessorImpl.java:77)
at java.base/jdk.internal.reflect.DelegatingMethodAccessorImpl.invoke(DelegatingMethodAccessorImpl.java:43)
at java.base/java.lang.reflect.Method.invoke(Method.java:568)
at org.testng.internal.invokers.MethodInvocationHelper.invokeMethod(MethodInvocationHelper.java:139)
at org.testng.internal.invokers.TestInvoker.invokeMethod(TestInvoker.java:677)
at org.testng.internal.invokers.TestInvoker.invokeTestMethod(TestInvoker.java:221)
at org.testng.internal.invokers.MethodRunner.runInSequence(MethodRunner.java:50)
at org.testng.internal.invokers.TestInvoker$MethodInvocationAgent.invoke(TestInvoker.java:969)
at org.testng.internal.invokers.TestInvoker.invokeTestMethods(TestInvoker.java:194)
at org.testng.internal.invokers.TestMethodWorker.invokeTestMethods(TestMethodWorker.java:148)
at org.testng.internal.invokers.TestMethodWorker.run(TestMethodWorker.java:128)
at java.base/java.util.ArrayList.forEach(ArrayList.java:1511)
at org.testng.TestRunner.privateRun(TestRunner.java:829)
at org.testng.TestRunner.run(TestRunner.java:602)
at org.testng.SuiteRunner.runTest(SuiteRunner.java:437)
at org.testng.SuiteRunner.runSequentially(SuiteRunner.java:431)
at org.testng.SuiteRunner.privateRun(SuiteRunner.java:391)
at org.testng.SuiteRunner.run(SuiteRunner.java:330)
at org.testng.SuiteRunnerWorker.runSuite(SuiteRunnerWorker.java:52)
at org.testng.SuiteRunnerWorker.run(SuiteRunnerWorker.java:95)
at org.testng.TestNG.runSuitesSequentially(TestNG.java:1256)
at org.testng.TestNG.runSuitesLocally(TestNG.java:1176)
at org.testng.TestNG.runSuites(TestNG.java:1099)
at org.testng.TestNG.run(TestNG.java:1067)
at org.testng.remote.AbstractRemoteTestNG.run(AbstractRemoteTestNG.java:115)
at org.testng.remote.RemoteTestNG.initAndRun(RemoteTestNG.java:293)
at org.testng.remote.RemoteTestNG.main(RemoteTestNG.java:91)
]]>
            </full-stacktrace>
          </exception> <!-- java.lang.AssertionError -->
          <reporter-output>
          </reporter-output>
        </test-method> <!-- filterBookingIDsByCheckInOutDate -->
        <test-method is-config="true" signature="getResult(org.testng.ITestResult)[pri:0, instance:restFullBooker.RestFullBookerTest@537f60bf]" started-at="2024-12-12T03:01:30 IST" name="getResult" finished-at="2024-12-12T03:01:30 IST" duration-ms="1" status="PASS">
          <params>
            <param index="0">
              <value>
                <![CDATA[[TestResult name=filterBookingIDsByCheckInOutDate status=SKIP method=RestFullBookerTest.filterBookingIDsByCheckInOutDate()[pri:7, instance:restFullBooker.RestFullBookerTest@537f60bf] output={null}]]]>
              </value>
            </param>
          </params>
          <reporter-output>
          </reporter-output>
        </test-method> <!-- getResult -->
        <test-method retried="true" signature="filterBookingIDsByCheckInOutDate()[pri:7, instance:restFullBooker.RestFullBookerTest@537f60bf]" started-at="2024-12-12T03:01:30 IST" name="filterBookingIDsByCheckInOutDate" description="RB_05 : Test to fetch all the booking IDs filtered by checkIn &amp; checkOut Dates" finished-at="2024-12-12T03:01:31 IST" duration-ms="1358" status="SKIP">
          <exception class="java.lang.AssertionError">
            <message>
              <![CDATA[The following asserts failed:
BookingIDs not found expected [true] but found [false]]]>
            </message>
            <full-stacktrace>
              <![CDATA[java.lang.AssertionError: The following asserts failed:
BookingIDs not found expected [true] but found [false]
at org.testng.asserts.SoftAssert.assertAll(SoftAssert.java:46)
at org.testng.asserts.SoftAssert.assertAll(SoftAssert.java:30)
at utils.SoftAssertionUtil.AssertAll(SoftAssertionUtil.java:53)
at restFullBooker.RestFullBookerTest.filterBookingIDsByCheckInOutDate(RestFullBookerTest.java:156)
at java.base/jdk.internal.reflect.NativeMethodAccessorImpl.invoke0(Native Method)
at java.base/jdk.internal.reflect.NativeMethodAccessorImpl.invoke(NativeMethodAccessorImpl.java:77)
at java.base/jdk.internal.reflect.DelegatingMethodAccessorImpl.invoke(DelegatingMethodAccessorImpl.java:43)
at java.base/java.lang.reflect.Method.invoke(Method.java:568)
at org.testng.internal.invokers.MethodInvocationHelper.invokeMethod(MethodInvocationHelper.java:139)
at org.testng.internal.invokers.TestInvoker.invokeMethod(TestInvoker.java:677)
at org.testng.internal.invokers.TestInvoker.retryFailed(TestInvoker.java:263)
at org.testng.internal.invokers.MethodRunner.runInSequence(MethodRunner.java:62)
at org.testng.internal.invokers.TestInvoker$MethodInvocationAgent.invoke(TestInvoker.java:969)
at org.testng.internal.invokers.TestInvoker.invokeTestMethods(TestInvoker.java:194)
at org.testng.internal.invokers.TestMethodWorker.invokeTestMethods(TestMethodWorker.java:148)
at org.testng.internal.invokers.TestMethodWorker.run(TestMethodWorker.java:128)
at java.base/java.util.ArrayList.forEach(ArrayList.java:1511)
at org.testng.TestRunner.privateRun(TestRunner.java:829)
at org.testng.TestRunner.run(TestRunner.java:602)
at org.testng.SuiteRunner.runTest(SuiteRunner.java:437)
at org.testng.SuiteRunner.runSequentially(SuiteRunner.java:431)
at org.testng.SuiteRunner.privateRun(SuiteRunner.java:391)
at org.testng.SuiteRunner.run(SuiteRunner.java:330)
at org.testng.SuiteRunnerWorker.runSuite(SuiteRunnerWorker.java:52)
at org.testng.SuiteRunnerWorker.run(SuiteRunnerWorker.java:95)
at org.testng.TestNG.runSuitesSequentially(TestNG.java:1256)
at org.testng.TestNG.runSuitesLocally(TestNG.java:1176)
at org.testng.TestNG.runSuites(TestNG.java:1099)
at org.testng.TestNG.run(TestNG.java:1067)
at org.testng.remote.AbstractRemoteTestNG.run(AbstractRemoteTestNG.java:115)
at org.testng.remote.RemoteTestNG.initAndRun(RemoteTestNG.java:293)
at org.testng.remote.RemoteTestNG.main(RemoteTestNG.java:91)
]]>
            </full-stacktrace>
          </exception> <!-- java.lang.AssertionError -->
          <reporter-output>
          </reporter-output>
        </test-method> <!-- filterBookingIDsByCheckInOutDate -->
        <test-method is-config="true" signature="logBeforeMethod(java.lang.reflect.Method)[pri:0, instance:restFullBooker.RestFullBookerTest@537f60bf]" started-at="2024-12-12T03:01:30 IST" name="logBeforeMethod" finished-at="2024-12-12T03:01:30 IST" duration-ms="0" status="PASS">
          <params>
            <param index="0">
              <value>
                <![CDATA[public void restFullBooker.RestFullBookerTest.filterBookingIDsByCheckInOutDate()]]>
              </value>
            </param>
          </params>
          <reporter-output>
          </reporter-output>
        </test-method> <!-- logBeforeMethod -->
        <test-method is-config="true" signature="getResult(org.testng.ITestResult)[pri:0, instance:restFullBooker.RestFullBookerTest@537f60bf]" started-at="2024-12-12T03:01:31 IST" name="getResult" finished-at="2024-12-12T03:01:31 IST" duration-ms="1" status="PASS">
          <params>
            <param index="0">
              <value>
                <![CDATA[[TestResult name=filterBookingIDsByCheckInOutDate status=SKIP method=RestFullBookerTest.filterBookingIDsByCheckInOutDate()[pri:7, instance:restFullBooker.RestFullBookerTest@537f60bf] output={null}]]]>
              </value>
            </param>
          </params>
          <reporter-output>
          </reporter-output>
        </test-method> <!-- getResult -->
        <test-method signature="filterBookingIDsByCheckInOutDate()[pri:7, instance:restFullBooker.RestFullBookerTest@537f60bf]" started-at="2024-12-12T03:01:31 IST" name="filterBookingIDsByCheckInOutDate" description="RB_05 : Test to fetch all the booking IDs filtered by checkIn &amp; checkOut Dates" finished-at="2024-12-12T03:01:33 IST" duration-ms="1384" status="FAIL">
          <exception class="java.lang.AssertionError">
            <message>
              <![CDATA[The following asserts failed:
BookingIDs not found expected [true] but found [false]]]>
            </message>
            <full-stacktrace>
              <![CDATA[java.lang.AssertionError: The following asserts failed:
BookingIDs not found expected [true] but found [false]
at org.testng.asserts.SoftAssert.assertAll(SoftAssert.java:46)
at org.testng.asserts.SoftAssert.assertAll(SoftAssert.java:30)
at utils.SoftAssertionUtil.AssertAll(SoftAssertionUtil.java:53)
at restFullBooker.RestFullBookerTest.filterBookingIDsByCheckInOutDate(RestFullBookerTest.java:156)
at java.base/jdk.internal.reflect.NativeMethodAccessorImpl.invoke0(Native Method)
at java.base/jdk.internal.reflect.NativeMethodAccessorImpl.invoke(NativeMethodAccessorImpl.java:77)
at java.base/jdk.internal.reflect.DelegatingMethodAccessorImpl.invoke(DelegatingMethodAccessorImpl.java:43)
at java.base/java.lang.reflect.Method.invoke(Method.java:568)
at org.testng.internal.invokers.MethodInvocationHelper.invokeMethod(MethodInvocationHelper.java:139)
at org.testng.internal.invokers.TestInvoker.invokeMethod(TestInvoker.java:677)
at org.testng.internal.invokers.TestInvoker.retryFailed(TestInvoker.java:263)
at org.testng.internal.invokers.MethodRunner.runInSequence(MethodRunner.java:62)
at org.testng.internal.invokers.TestInvoker$MethodInvocationAgent.invoke(TestInvoker.java:969)
at org.testng.internal.invokers.TestInvoker.invokeTestMethods(TestInvoker.java:194)
at org.testng.internal.invokers.TestMethodWorker.invokeTestMethods(TestMethodWorker.java:148)
at org.testng.internal.invokers.TestMethodWorker.run(TestMethodWorker.java:128)
at java.base/java.util.ArrayList.forEach(ArrayList.java:1511)
at org.testng.TestRunner.privateRun(TestRunner.java:829)
at org.testng.TestRunner.run(TestRunner.java:602)
at org.testng.SuiteRunner.runTest(SuiteRunner.java:437)
at org.testng.SuiteRunner.runSequentially(SuiteRunner.java:431)
at org.testng.SuiteRunner.privateRun(SuiteRunner.java:391)
at org.testng.SuiteRunner.run(SuiteRunner.java:330)
at org.testng.SuiteRunnerWorker.runSuite(SuiteRunnerWorker.java:52)
at org.testng.SuiteRunnerWorker.run(SuiteRunnerWorker.java:95)
at org.testng.TestNG.runSuitesSequentially(TestNG.java:1256)
at org.testng.TestNG.runSuitesLocally(TestNG.java:1176)
at org.testng.TestNG.runSuites(TestNG.java:1099)
at org.testng.TestNG.run(TestNG.java:1067)
at org.testng.remote.AbstractRemoteTestNG.run(AbstractRemoteTestNG.java:115)
at org.testng.remote.RemoteTestNG.initAndRun(RemoteTestNG.java:293)
at org.testng.remote.RemoteTestNG.main(RemoteTestNG.java:91)
]]>
            </full-stacktrace>
          </exception> <!-- java.lang.AssertionError -->
          <reporter-output>
          </reporter-output>
        </test-method> <!-- filterBookingIDsByCheckInOutDate -->
        <test-method is-config="true" signature="logBeforeMethod(java.lang.reflect.Method)[pri:0, instance:restFullBooker.RestFullBookerTest@537f60bf]" started-at="2024-12-12T03:01:31 IST" name="logBeforeMethod" finished-at="2024-12-12T03:01:31 IST" duration-ms="0" status="PASS">
          <params>
            <param index="0">
              <value>
                <![CDATA[public void restFullBooker.RestFullBookerTest.filterBookingIDsByCheckInOutDate()]]>
              </value>
            </param>
          </params>
          <reporter-output>
          </reporter-output>
        </test-method> <!-- logBeforeMethod -->
        <test-method is-config="true" signature="getResult(org.testng.ITestResult)[pri:0, instance:restFullBooker.RestFullBookerTest@537f60bf]" started-at="2024-12-12T03:01:33 IST" name="getResult" finished-at="2024-12-12T03:01:33 IST" duration-ms="1" status="PASS">
          <params>
            <param index="0">
              <value>
                <![CDATA[[TestResult name=filterBookingIDsByCheckInOutDate status=FAILURE method=RestFullBookerTest.filterBookingIDsByCheckInOutDate()[pri:7, instance:restFullBooker.RestFullBookerTest@537f60bf] output={null}]]]>
              </value>
            </param>
          </params>
          <reporter-output>
          </reporter-output>
        </test-method> <!-- getResult -->
        <test-method signature="updateCurrentBookingPUT()[pri:8, instance:restFullBooker.RestFullBookerTest@537f60bf]" started-at="2024-12-12T03:01:33 IST" name="updateCurrentBookingPUT" description="RB_08 : Test to validate to update the current Booking with Content-Type : application/json" finished-at="2024-12-12T03:01:34 IST" duration-ms="1433" status="PASS">
          <reporter-output>
          </reporter-output>
        </test-method> <!-- updateCurrentBookingPUT -->
        <test-method is-config="true" signature="logBeforeMethod(java.lang.reflect.Method)[pri:0, instance:restFullBooker.RestFullBookerTest@537f60bf]" started-at="2024-12-12T03:01:33 IST" name="logBeforeMethod" finished-at="2024-12-12T03:01:33 IST" duration-ms="0" status="PASS">
          <params>
            <param index="0">
              <value>
                <![CDATA[public void restFullBooker.RestFullBookerTest.updateCurrentBookingPUT()]]>
              </value>
            </param>
          </params>
          <reporter-output>
          </reporter-output>
        </test-method> <!-- logBeforeMethod -->
        <test-method is-config="true" signature="getResult(org.testng.ITestResult)[pri:0, instance:restFullBooker.RestFullBookerTest@537f60bf]" started-at="2024-12-12T03:01:34 IST" name="getResult" finished-at="2024-12-12T03:01:34 IST" duration-ms="1" status="PASS">
          <params>
            <param index="0">
              <value>
                <![CDATA[[TestResult name=updateCurrentBookingPUT status=SUCCESS method=RestFullBookerTest.updateCurrentBookingPUT()[pri:8, instance:restFullBooker.RestFullBookerTest@537f60bf] output={null}]]]>
              </value>
            </param>
          </params>
          <reporter-output>
          </reporter-output>
        </test-method> <!-- getResult -->
        <test-method is-config="true" signature="logBeforeMethod(java.lang.reflect.Method)[pri:0, instance:restFullBooker.RestFullBookerTest@537f60bf]" started-at="2024-12-12T03:01:34 IST" name="logBeforeMethod" finished-at="2024-12-12T03:01:34 IST" duration-ms="1" status="PASS">
          <params>
            <param index="0">
              <value>
                <![CDATA[public void restFullBooker.RestFullBookerTest.updateCurrentBookingPATCH()]]>
              </value>
            </param>
          </params>
          <reporter-output>
          </reporter-output>
        </test-method> <!-- logBeforeMethod -->
        <test-method signature="updateCurrentBookingPATCH()[pri:9, instance:restFullBooker.RestFullBookerTest@537f60bf]" started-at="2024-12-12T03:01:34 IST" name="updateCurrentBookingPATCH" description="RB_09 : Test to validate to update the current Booking partially with Content-Type : application/json" finished-at="2024-12-12T03:01:35 IST" duration-ms="1350" status="PASS">
          <reporter-output>
          </reporter-output>
        </test-method> <!-- updateCurrentBookingPATCH -->
        <test-method is-config="true" signature="getResult(org.testng.ITestResult)[pri:0, instance:restFullBooker.RestFullBookerTest@537f60bf]" started-at="2024-12-12T03:01:35 IST" name="getResult" finished-at="2024-12-12T03:01:35 IST" duration-ms="0" status="PASS">
          <params>
            <param index="0">
              <value>
                <![CDATA[[TestResult name=updateCurrentBookingPATCH status=SUCCESS method=RestFullBookerTest.updateCurrentBookingPATCH()[pri:9, instance:restFullBooker.RestFullBookerTest@537f60bf] output={null}]]]>
              </value>
            </param>
          </params>
          <reporter-output>
          </reporter-output>
        </test-method> <!-- getResult -->
        <test-method is-config="true" signature="logBeforeMethod(java.lang.reflect.Method)[pri:0, instance:restFullBooker.RestFullBookerTest@537f60bf]" started-at="2024-12-12T03:01:35 IST" name="logBeforeMethod" finished-at="2024-12-12T03:01:35 IST" duration-ms="1" status="PASS">
          <params>
            <param index="0">
              <value>
                <![CDATA[public void restFullBooker.RestFullBookerTest.deletecurrentBooking()]]>
              </value>
            </param>
          </params>
          <reporter-output>
          </reporter-output>
        </test-method> <!-- logBeforeMethod -->
        <test-method signature="deletecurrentBooking()[pri:10, instance:restFullBooker.RestFullBookerTest@537f60bf]" started-at="2024-12-12T03:01:35 IST" name="deletecurrentBooking" description="RB_10 : Test validate to delete specifig booking" finished-at="2024-12-12T03:01:37 IST" duration-ms="1424" status="PASS">
          <reporter-output>
          </reporter-output>
        </test-method> <!-- deletecurrentBooking -->
        <test-method is-config="true" signature="getResult(org.testng.ITestResult)[pri:0, instance:restFullBooker.RestFullBookerTest@537f60bf]" started-at="2024-12-12T03:01:37 IST" name="getResult" finished-at="2024-12-12T03:01:37 IST" duration-ms="1" status="PASS">
          <params>
            <param index="0">
              <value>
                <![CDATA[[TestResult name=deletecurrentBooking status=SUCCESS method=RestFullBookerTest.deletecurrentBooking()[pri:10, instance:restFullBooker.RestFullBookerTest@537f60bf] output={null}]]]>
              </value>
            </param>
          </params>
          <reporter-output>
          </reporter-output>
        </test-method> <!-- getResult -->
        <test-method is-config="true" signature="endReport()[pri:0, instance:restFullBooker.RestFullBookerTest@537f60bf]" started-at="2024-12-12T03:01:37 IST" name="endReport" finished-at="2024-12-12T03:01:37 IST" duration-ms="368" status="PASS">
          <reporter-output>
          </reporter-output>
        </test-method> <!-- endReport -->
      </class> <!-- restFullBooker.RestFullBookerTest -->
    </test> <!-- RestAPI : Regression Test Cases -->
  </suite> <!-- Automation Regression Suite -->
</testng-results>
