<?xml version="1.0" encoding="UTF-8"?>
<!-- Generated by org.testng.reporters.JUnitXMLReporter -->
<testsuite ignored="0" hostname="Harishyam" failures="1" tests="12" name="RestAPI : Regression Test Cases" time="22.217" errors="0" timestamp="2025-03-06T03:20:16 IST">
  <testcase classname="restFullBooker.RestFullBookerTest" name="pingServerForHealthCheck" time="5.177"/>
  <testcase classname="restFullBooker.RestFullBookerTest" name="getAuthToken" time="2.259"/>
  <testcase classname="restFullBooker.RestFullBookerTest" name="fetchAllBookingIDs" time="1.713"/>
  <testcase classname="restFullBooker.RestFullBookerTest" name="createNewBooking" time="1.276"/>
  <testcase classname="restFullBooker.RestFullBookerTest" name="fetchCustomerDetailByID" time="1.419"/>
  <testcase classname="restFullBooker.RestFullBookerTest" name="filterBookingIDsByName" time="1.507"/>
  <testcase classname="restFullBooker.RestFullBookerTest" name="filterBookingIDsByCheckInOutDate" time="1.476">
    <skipped/>
  </testcase> <!-- filterBookingIDsByCheckInOutDate -->
  <testcase classname="restFullBooker.RestFullBookerTest" name="filterBookingIDsByCheckInOutDate" time="1.34">
    <skipped/>
  </testcase> <!-- filterBookingIDsByCheckInOutDate -->
  <testcase classname="restFullBooker.RestFullBookerTest" name="filterBookingIDsByCheckInOutDate" time="1.442">
    <failure type="java.lang.AssertionError" message="The following asserts failed:
	BookingIDs not found expected [true] but found [false]">
      <![CDATA[java.lang.AssertionError: The following asserts failed:
BookingIDs not found expected [true] but found [false]
at utils.SoftAssertionUtil.AssertAll(SoftAssertionUtil.java:53)
at restFullBooker.RestFullBookerTest.filterBookingIDsByCheckInOutDate(RestFullBookerTest.java:156)
at java.base/java.util.ArrayList.forEach(ArrayList.java:1511)
... Removed 29 stack frames]]>
    </failure>
  </testcase> <!-- filterBookingIDsByCheckInOutDate -->
  <testcase classname="restFullBooker.RestFullBookerTest" name="updateCurrentBookingPUT" time="1.503"/>
  <testcase classname="restFullBooker.RestFullBookerTest" name="updateCurrentBookingPATCH" time="1.509"/>
  <testcase classname="restFullBooker.RestFullBookerTest" name="deletecurrentBooking" time="1.447"/>
</testsuite> <!-- RestAPI : Regression Test Cases -->
