<?xml version="1.0" encoding="UTF-8"?>
<!-- Generated by org.testng.reporters.JUnitXMLReporter -->
<testsuite ignored="0" hostname="Harishyam" failures="1" tests="12" name="RestAPI : Regression Test Cases" time="19.038" errors="0" timestamp="2024-12-12T03:01:37 IST">
  <testcase classname="restFullBooker.RestFullBookerTest" name="pingServerForHealthCheck" time="3.177"/>
  <testcase classname="restFullBooker.RestFullBookerTest" name="getAuthToken" time="1.735"/>
  <testcase classname="restFullBooker.RestFullBookerTest" name="fetchAllBookingIDs" time="1.397"/>
  <testcase classname="restFullBooker.RestFullBookerTest" name="createNewBooking" time="1.402"/>
  <testcase classname="restFullBooker.RestFullBookerTest" name="fetchCustomerDetailByID" time="1.397"/>
  <testcase classname="restFullBooker.RestFullBookerTest" name="filterBookingIDsByName" time="1.441"/>
  <testcase classname="restFullBooker.RestFullBookerTest" name="filterBookingIDsByCheckInOutDate" time="1.401">
    <skipped/>
  </testcase> <!-- filterBookingIDsByCheckInOutDate -->
  <testcase classname="restFullBooker.RestFullBookerTest" name="filterBookingIDsByCheckInOutDate" time="1.358">
    <skipped/>
  </testcase> <!-- filterBookingIDsByCheckInOutDate -->
  <testcase classname="restFullBooker.RestFullBookerTest" name="filterBookingIDsByCheckInOutDate" time="1.384">
    <failure type="java.lang.AssertionError" message="The following asserts failed:
	BookingIDs not found expected [true] but found [false]">
      <![CDATA[java.lang.AssertionError: The following asserts failed:
BookingIDs not found expected [true] but found [false]
at utils.SoftAssertionUtil.AssertAll(SoftAssertionUtil.java:53)
at restFullBooker.RestFullBookerTest.filterBookingIDsByCheckInOutDate(RestFullBookerTest.java:156)
at java.base/java.util.ArrayList.forEach(ArrayList.java:1511)
... Removed 29 stack frames]]>
    </failure>
  </testcase> <!-- filterBookingIDsByCheckInOutDate -->
  <testcase classname="restFullBooker.RestFullBookerTest" name="updateCurrentBookingPUT" time="1.433"/>
  <testcase classname="restFullBooker.RestFullBookerTest" name="updateCurrentBookingPATCH" time="1.35"/>
  <testcase classname="restFullBooker.RestFullBookerTest" name="deletecurrentBooking" time="1.424"/>
</testsuite> <!-- RestAPI : Regression Test Cases -->
